c:\users\100417638\downloads\graphics-ii-master\graphics-ii-master\graphicsrenderer\graphicsrenderer\x64\debug\vc141.pdb
c:\users\100417638\downloads\graphics-ii-master\graphics-ii-master\graphicsrenderer\graphicsrenderer\x64\debug\vc141.idb
c:\users\100417638\downloads\graphics-ii-master\graphics-ii-master\graphicsrenderer\graphicsrenderer\x64\debug\dxwindow.obj
c:\users\100417638\downloads\graphics-ii-master\graphics-ii-master\graphicsrenderer\graphicsrenderer\x64\debug\framework.obj
c:\users\100417638\downloads\graphics-ii-master\graphics-ii-master\graphicsrenderer\graphicsrenderer\x64\debug\window.obj
c:\users\100417638\downloads\graphics-ii-master\graphics-ii-master\graphicsrenderer\graphicsrenderer\x64\debug\scenegraph.obj
c:\users\100417638\downloads\graphics-ii-master\graphics-ii-master\graphicsrenderer\graphicsrenderer\x64\debug\cubenode.obj
c:\users\100417638\downloads\graphics-ii-master\graphics-ii-master\graphicsrenderer\x64\debug\shader.cso
c:\users\100417638\downloads\graphics-ii-master\graphics-ii-master\graphicsrenderer\x64\debug\graphicsrenderer.exe
c:\users\100417638\downloads\graphics-ii-master\graphics-ii-master\graphicsrenderer\x64\debug\graphicsrenderer.ilk
c:\users\100417638\downloads\graphics-ii-master\graphics-ii-master\graphicsrenderer\x64\debug\graphicsrenderer.pdb
c:\users\100417638\downloads\graphics-ii-master\graphics-ii-master\graphicsrenderer\graphicsrenderer\x64\debug\graphicsrenderer.tlog\cl.command.1.tlog
c:\users\100417638\downloads\graphics-ii-master\graphics-ii-master\graphicsrenderer\graphicsrenderer\x64\debug\graphicsrenderer.tlog\cl.read.1.tlog
c:\users\100417638\downloads\graphics-ii-master\graphics-ii-master\graphicsrenderer\graphicsrenderer\x64\debug\graphicsrenderer.tlog\cl.write.1.tlog
c:\users\100417638\downloads\graphics-ii-master\graphics-ii-master\graphicsrenderer\graphicsrenderer\x64\debug\graphicsrenderer.tlog\fxc.command.1.tlog
c:\users\100417638\downloads\graphics-ii-master\graphics-ii-master\graphicsrenderer\graphicsrenderer\x64\debug\graphicsrenderer.tlog\fxc.read.1.tlog
c:\users\100417638\downloads\graphics-ii-master\graphics-ii-master\graphicsrenderer\graphicsrenderer\x64\debug\graphicsrenderer.tlog\graphicsrenderer.write.1u.tlog
c:\users\100417638\downloads\graphics-ii-master\graphics-ii-master\graphicsrenderer\graphicsrenderer\x64\debug\graphicsrenderer.tlog\link.command.1.tlog
c:\users\100417638\downloads\graphics-ii-master\graphics-ii-master\graphicsrenderer\graphicsrenderer\x64\debug\graphicsrenderer.tlog\link.read.1.tlog
c:\users\100417638\downloads\graphics-ii-master\graphics-ii-master\graphicsrenderer\graphicsrenderer\x64\debug\graphicsrenderer.tlog\link.write.1.tlog
